Build started 2015/11/18 15:14:39.
     1>Project "E:\Work arrangement\Software And Program develop\ProgramPractice\Algorithm\Detector\Detector\Detector.vcxproj" on node 2 (Build target(s)).
     1>ClCompile:
         C:\Program Files (x86)\Microsoft Visual Studio 12.0\VC\bin\CL.exe /c /ZI /nologo /W3 /WX- /sdl /Od /Oy- /D WIN32 /D _DEBUG /D _CONSOLE /D _LIB /D _UNICODE /D UNICODE /Gm /EHsc /RTC1 /MDd /GS /fp:precise /Zc:wchar_t /Zc:forScope /Fo"Debug\\" /Fd"Debug\vc120.pdb" /Gd /TP /analyze- /errorReport:prompt Detector4.1.cpp
         Detector4.1.cpp
     1>Done Building Project "E:\Work arrangement\Software And Program develop\ProgramPractice\Algorithm\Detector\Detector\Detector.vcxproj" (Build target(s)) -- FAILED.

Build FAILED.

Time Elapsed 00:00:00.86
